<?xml version="1.0" encoding="UTF-8"?>
<!-- Generated by org.testng.reporters.JUnitReportReporter -->
<testsuite skipped="0" hostname="DESKTOP-G2E94QN" name="Package1.TC_002" tests="1" failures="0" timestamp="03 Jun 2017 05:45:36 GMT" time="10.397" errors="0">
  <testcase name="demoTestCase" time="10.397" classname="Package1.TC_002"/>
</testsuite> <!-- Package1.TC_002 -->
